# JRE version: OpenJDK Runtime Environment (8.0_152-b01) (build 1.8.0_152-release-1343-b01)
# Java VM: OpenJDK 64-Bit Server VM (25.152-b01 mixed mode windows-amd64 compressed oops)
Heap:
 PSYoungGen      total 231424K, used 27720K [0x00000000e0000000, 0x00000000f0800000, 0x0000000100000000)
  eden space 211968K, 13% used [0x00000000e0000000,0x00000000e1b12200,0x00000000ecf00000)
  from space 19456K, 0% used [0x00000000ee280000,0x00000000ee280000,0x00000000ef580000)
  to   space 19968K, 0% used [0x00000000ecf00000,0x00000000ecf00000,0x00000000ee280000)
 ParOldGen       total 107008K, used 29698K [0x00000000a0000000, 0x00000000a6880000, 0x00000000e0000000)
  object space 107008K, 27% used [0x00000000a0000000,0x00000000a1d00990,0x00000000a6880000)
 Metaspace       used 58758K, capacity 60356K, committed 60696K, reserved 1101824K
  class space    used 7974K, capacity 8374K, committed 8488K, reserved 1048576K
GC Heap History (10 events):
Event: 15.489 GC heap before
{Heap before GC invocations=11 (full 2):
 PSYoungGen      total 128000K, used 9821K [0x00000000e0000000, 0x00000000eba80000, 0x0000000100000000)
  eden space 117248K, 0% used [0x00000000e0000000,0x00000000e0000000,0x00000000e7280000)
  from space 10752K, 91% used [0x00000000e7280000,0x00000000e7c176e8,0x00000000e7d00000)
  to   space 11776K, 0% used [0x00000000eaf00000,0x00000000eaf00000,0x00000000eba80000)
 ParOldGen       total 53760K, used 7847K [0x00000000a0000000, 0x00000000a3480000, 0x00000000e0000000)
  object space 53760K, 14% used [0x00000000a0000000,0x00000000a07a9d68,0x00000000a3480000)
 Metaspace       used 34757K, capacity 35444K, committed 35496K, reserved 1079296K
  class space    used 4803K, capacity 5009K, committed 5032K, reserved 1048576K
Event: 15.549 GC heap after
Heap after GC invocations=11 (full 2):
 PSYoungGen      total 128000K, used 0K [0x00000000e0000000, 0x00000000eba80000, 0x0000000100000000)
  eden space 117248K, 0% used [0x00000000e0000000,0x00000000e0000000,0x00000000e7280000)
  from space 10752K, 0% used [0x00000000e7280000,0x00000000e7280000,0x00000000e7d00000)
  to   space 11776K, 0% used [0x00000000eaf00000,0x00000000eaf00000,0x00000000eba80000)
 ParOldGen       total 76288K, used 16685K [0x00000000a0000000, 0x00000000a4a80000, 0x00000000e0000000)
  object space 76288K, 21% used [0x00000000a0000000,0x00000000a104b520,0x00000000a4a80000)
 Metaspace       used 34725K, capacity 35336K, committed 35496K, reserved 1079296K
  class space    used 4793K, capacity 4991K, committed 5032K, reserved 1048576K
}
Event: 24.856 GC heap before
{Heap before GC invocations=12 (full 2):
 PSYoungGen      total 128000K, used 117248K [0x00000000e0000000, 0x00000000eba80000, 0x0000000100000000)
  eden space 117248K, 100% used [0x00000000e0000000,0x00000000e7280000,0x00000000e7280000)
  from space 10752K, 0% used [0x00000000e7280000,0x00000000e7280000,0x00000000e7d00000)
  to   space 11776K, 0% used [0x00000000eaf00000,0x00000000eaf00000,0x00000000eba80000)
 ParOldGen       total 76288K, used 16685K [0x00000000a0000000, 0x00000000a4a80000, 0x00000000e0000000)
  object space 76288K, 21% used [0x00000000a0000000,0x00000000a104b520,0x00000000a4a80000)
 Metaspace       used 44712K, capacity 45706K, committed 45992K, reserved 1089536K
  class space    used 6026K, capacity 6294K, committed 6312K, reserved 1048576K
Event: 24.868 GC heap after
Heap after GC invocations=12 (full 2):
 PSYoungGen      total 171520K, used 11750K [0x00000000e0000000, 0x00000000eba80000, 0x0000000100000000)
  eden space 159744K, 0% used [0x00000000e0000000,0x00000000e0000000,0x00000000e9c00000)
  from space 11776K, 99% used [0x00000000eaf00000,0x00000000eba79810,0x00000000eba80000)
  to   space 13824K, 0% used [0x00000000e9f80000,0x00000000e9f80000,0x00000000ead00000)
 ParOldGen       total 76288K, used 19906K [0x00000000a0000000, 0x00000000a4a80000, 0x00000000e0000000)
  object space 76288K, 26% used [0x00000000a0000000,0x00000000a13708f0,0x00000000a4a80000)
 Metaspace       used 44712K, capacity 45706K, committed 45992K, reserved 1089536K
  class space    used 6026K, capacity 6294K, committed 6312K, reserved 1048576K
}
Event: 34.800 GC heap before
{Heap before GC invocations=13 (full 2):
 PSYoungGen      total 171520K, used 171494K [0x00000000e0000000, 0x00000000eba80000, 0x0000000100000000)
  eden space 159744K, 100% used [0x00000000e0000000,0x00000000e9c00000,0x00000000e9c00000)
  from space 11776K, 99% used [0x00000000eaf00000,0x00000000eba79810,0x00000000eba80000)
  to   space 13824K, 0% used [0x00000000e9f80000,0x00000000e9f80000,0x00000000ead00000)
 ParOldGen       total 76288K, used 19906K [0x00000000a0000000, 0x00000000a4a80000, 0x00000000e0000000)
  object space 76288K, 26% used [0x00000000a0000000,0x00000000a13708f0,0x00000000a4a80000)
 Metaspace       used 57282K, capacity 58816K, committed 58920K, reserved 1099776K
  class space    used 7739K, capacity 8155K, committed 8232K, reserved 1048576K
Event: 34.821 GC heap after
Heap after GC invocations=13 (full 2):
 PSYoungGen      total 177152K, used 13809K [0x00000000e0000000, 0x00000000ef580000, 0x0000000100000000)
  eden space 163328K, 0% used [0x00000000e0000000,0x00000000e0000000,0x00000000e9f80000)
  from space 13824K, 99% used [0x00000000e9f80000,0x00000000eacfc658,0x00000000ead00000)
  to   space 19456K, 0% used [0x00000000ee280000,0x00000000ee280000,0x00000000ef580000)
 ParOldGen       total 76288K, used 30332K [0x00000000a0000000, 0x00000000a4a80000, 0x00000000e0000000)
  object space 76288K, 39% used [0x00000000a0000000,0x00000000a1d9f060,0x00000000a4a80000)
 Metaspace       used 57282K, capacity 58816K, committed 58920K, reserved 1099776K
  class space    used 7739K, capacity 8155K, committed 8232K, reserved 1048576K
}
Event: 35.030 GC heap before
{Heap before GC invocations=14 (full 2):
 PSYoungGen      total 177152K, used 21086K [0x00000000e0000000, 0x00000000ef580000, 0x0000000100000000)
  eden space 163328K, 4% used [0x00000000e0000000,0x00000000e071b500,0x00000000e9f80000)
  from space 13824K, 99% used [0x00000000e9f80000,0x00000000eacfc658,0x00000000ead00000)
  to   space 19456K, 0% used [0x00000000ee280000,0x00000000ee280000,0x00000000ef580000)
 ParOldGen       total 76288K, used 30332K [0x00000000a0000000, 0x00000000a4a80000, 0x00000000e0000000)
  object space 76288K, 39% used [0x00000000a0000000,0x00000000a1d9f060,0x00000000a4a80000)
 Metaspace       used 57573K, capacity 59052K, committed 59160K, reserved 1099776K
  class space    used 7789K, capacity 8175K, committed 8232K, reserved 1048576K
Event: 35.036 GC heap after
Heap after GC invocations=14 (full 2):
 PSYoungGen      total 231424K, used 624K [0x00000000e0000000, 0x00000000f0800000, 0x0000000100000000)
  eden space 211968K, 0% used [0x00000000e0000000,0x00000000e0000000,0x00000000ecf00000)
  from space 19456K, 3% used [0x00000000ee280000,0x00000000ee31c010,0x00000000ef580000)
  to   space 19968K, 0% used [0x00000000ecf00000,0x00000000ecf00000,0x00000000ee280000)
 ParOldGen       total 76288K, used 37038K [0x00000000a0000000, 0x00000000a4a80000, 0x00000000e0000000)
  object space 76288K, 48% used [0x00000000a0000000,0x00000000a242bac0,0x00000000a4a80000)
 Metaspace       used 57573K, capacity 59052K, committed 59160K, reserved 1099776K
  class space    used 7789K, capacity 8175K, committed 8232K, reserved 1048576K
}
Event: 35.036 GC heap before
{Heap before GC invocations=15 (full 3):
 PSYoungGen      total 231424K, used 624K [0x00000000e0000000, 0x00000000f0800000, 0x0000000100000000)
  eden space 211968K, 0% used [0x00000000e0000000,0x00000000e0000000,0x00000000ecf00000)
  from space 19456K, 3% used [0x00000000ee280000,0x00000000ee31c010,0x00000000ef580000)
  to   space 19968K, 0% used [0x00000000ecf00000,0x00000000ecf00000,0x00000000ee280000)
 ParOldGen       total 76288K, used 37038K [0x00000000a0000000, 0x00000000a4a80000, 0x00000000e0000000)
  object space 76288K, 48% used [0x00000000a0000000,0x00000000a242bac0,0x00000000a4a80000)
 Metaspace       used 57573K, capacity 59052K, committed 59160K, reserved 1099776K
  class space    used 7789K, capacity 8175K, committed 8232K, reserved 1048576K
Event: 35.256 GC heap after
Heap after GC invocations=15 (full 3):
 PSYoungGen      total 231424K, used 0K [0x00000000e0000000, 0x00000000f0800000, 0x0000000100000000)
  eden space 211968K, 0% used [0x00000000e0000000,0x00000000e0000000,0x00000000ecf00000)
  from space 19456K, 0% used [0x00000000ee280000,0x00000000ee280000,0x00000000ef580000)
  to   space 19968K, 0% used [0x00000000ecf00000,0x00000000ecf00000,0x00000000ee280000)
 ParOldGen       total 107008K, used 29698K [0x00000000a0000000, 0x00000000a6880000, 0x00000000e0000000)
  object space 107008K, 27% used [0x00000000a0000000,0x00000000a1d00990,0x00000000a6880000)
 Metaspace       used 57573K, capacity 59052K, committed 59160K, reserved 1099776K
  class space    used 7789K, capacity 8175K, committed 8232K, reserved 1048576K
}

