# JRE version: OpenJDK Runtime Environment (8.0_152-b01) (build 1.8.0_152-release-1343-b01)
# Java VM: OpenJDK 64-Bit Server VM (25.152-b01 mixed mode windows-amd64 compressed oops)
Heap:
 PSYoungGen      total 174592K, used 72355K [0x00000000e0000000, 0x00000000ecd00000, 0x0000000100000000)
  eden space 156160K, 38% used [0x00000000e0000000,0x00000000e3a5d468,0x00000000e9880000)
  from space 18432K, 68% used [0x00000000e9880000,0x00000000ea4cbaf0,0x00000000eaa80000)
  to   space 17920K, 0% used [0x00000000eaa80000,0x00000000eaa80000,0x00000000ebc00000)
 ParOldGen       total 126464K, used 28174K [0x00000000a0000000, 0x00000000a7b80000, 0x00000000e0000000)
  object space 126464K, 22% used [0x00000000a0000000,0x00000000a1b83870,0x00000000a7b80000)
 Metaspace       used 66699K, capacity 69064K, committed 69248K, reserved 1110016K
  class space    used 8958K, capacity 9516K, committed 9600K, reserved 1048576K
GC Heap History (10 events):
Event: 13.247 GC heap before
{Heap before GC invocations=12 (full 2):
 PSYoungGen      total 112640K, used 101376K [0x00000000e0000000, 0x00000000e9380000, 0x0000000100000000)
  eden space 101376K, 100% used [0x00000000e0000000,0x00000000e6300000,0x00000000e6300000)
  from space 11264K, 0% used [0x00000000e6300000,0x00000000e6300000,0x00000000e6e00000)
  to   space 12288K, 0% used [0x00000000e8780000,0x00000000e8780000,0x00000000e9380000)
 ParOldGen       total 92672K, used 17455K [0x00000000a0000000, 0x00000000a5a80000, 0x00000000e0000000)
  object space 92672K, 18% used [0x00000000a0000000,0x00000000a110bd60,0x00000000a5a80000)
 Metaspace       used 46261K, capacity 47354K, committed 47616K, reserved 1091584K
  class space    used 6139K, capacity 6384K, committed 6400K, reserved 1048576K
Event: 13.258 GC heap after
Heap after GC invocations=12 (full 2):
 PSYoungGen      total 136192K, used 12268K [0x00000000e0000000, 0x00000000e9c00000, 0x0000000100000000)
  eden space 123904K, 0% used [0x00000000e0000000,0x00000000e0000000,0x00000000e7900000)
  from space 12288K, 99% used [0x00000000e8780000,0x00000000e937b100,0x00000000e9380000)
  to   space 14848K, 0% used [0x00000000e7900000,0x00000000e7900000,0x00000000e8780000)
 ParOldGen       total 92672K, used 20351K [0x00000000a0000000, 0x00000000a5a80000, 0x00000000e0000000)
  object space 92672K, 21% used [0x00000000a0000000,0x00000000a13dfda0,0x00000000a5a80000)
 Metaspace       used 46261K, capacity 47354K, committed 47616K, reserved 1091584K
  class space    used 6139K, capacity 6384K, committed 6400K, reserved 1048576K
}
Event: 15.972 GC heap before
{Heap before GC invocations=13 (full 2):
 PSYoungGen      total 136192K, used 136172K [0x00000000e0000000, 0x00000000e9c00000, 0x0000000100000000)
  eden space 123904K, 100% used [0x00000000e0000000,0x00000000e7900000,0x00000000e7900000)
  from space 12288K, 99% used [0x00000000e8780000,0x00000000e937b100,0x00000000e9380000)
  to   space 14848K, 0% used [0x00000000e7900000,0x00000000e7900000,0x00000000e8780000)
 ParOldGen       total 92672K, used 20351K [0x00000000a0000000, 0x00000000a5a80000, 0x00000000e0000000)
  object space 92672K, 21% used [0x00000000a0000000,0x00000000a13dfda0,0x00000000a5a80000)
 Metaspace       used 56404K, capacity 57968K, committed 58112K, reserved 1099776K
  class space    used 7494K, capacity 7830K, committed 7936K, reserved 1048576K
Event: 15.985 GC heap after
Heap after GC invocations=13 (full 2):
 PSYoungGen      total 138752K, used 14827K [0x00000000e0000000, 0x00000000ebc00000, 0x0000000100000000)
  eden space 123904K, 0% used [0x00000000e0000000,0x00000000e0000000,0x00000000e7900000)
  from space 14848K, 99% used [0x00000000e7900000,0x00000000e877acd0,0x00000000e8780000)
  to   space 17920K, 0% used [0x00000000eaa80000,0x00000000eaa80000,0x00000000ebc00000)
 ParOldGen       total 92672K, used 23717K [0x00000000a0000000, 0x00000000a5a80000, 0x00000000e0000000)
  object space 92672K, 25% used [0x00000000a0000000,0x00000000a17296f0,0x00000000a5a80000)
 Metaspace       used 56404K, capacity 57968K, committed 58112K, reserved 1099776K
  class space    used 7494K, capacity 7830K, committed 7936K, reserved 1048576K
}
Event: 16.143 GC heap before
{Heap before GC invocations=14 (full 2):
 PSYoungGen      total 138752K, used 31559K [0x00000000e0000000, 0x00000000ebc00000, 0x0000000100000000)
  eden space 123904K, 13% used [0x00000000e0000000,0x00000000e10570e0,0x00000000e7900000)
  from space 14848K, 99% used [0x00000000e7900000,0x00000000e877acd0,0x00000000e8780000)
  to   space 17920K, 0% used [0x00000000eaa80000,0x00000000eaa80000,0x00000000ebc00000)
 ParOldGen       total 92672K, used 23717K [0x00000000a0000000, 0x00000000a5a80000, 0x00000000e0000000)
  object space 92672K, 25% used [0x00000000a0000000,0x00000000a17296f0,0x00000000a5a80000)
 Metaspace       used 57410K, capacity 58928K, committed 59096K, reserved 1099776K
  class space    used 7617K, capacity 7958K, committed 8064K, reserved 1048576K
Event: 16.152 GC heap after
Heap after GC invocations=14 (full 2):
 PSYoungGen      total 174080K, used 13246K [0x00000000e0000000, 0x00000000ecd00000, 0x0000000100000000)
  eden space 156160K, 0% used [0x00000000e0000000,0x00000000e0000000,0x00000000e9880000)
  from space 17920K, 73% used [0x00000000eaa80000,0x00000000eb76f9a0,0x00000000ebc00000)
  to   space 18432K, 0% used [0x00000000e9880000,0x00000000e9880000,0x00000000eaa80000)
 ParOldGen       total 92672K, used 23725K [0x00000000a0000000, 0x00000000a5a80000, 0x00000000e0000000)
  object space 92672K, 25% used [0x00000000a0000000,0x00000000a172b6f0,0x00000000a5a80000)
 Metaspace       used 57410K, capacity 58928K, committed 59096K, reserved 1099776K
  class space    used 7617K, capacity 7958K, committed 8064K, reserved 1048576K
}
Event: 16.152 GC heap before
{Heap before GC invocations=15 (full 3):
 PSYoungGen      total 174080K, used 13246K [0x00000000e0000000, 0x00000000ecd00000, 0x0000000100000000)
  eden space 156160K, 0% used [0x00000000e0000000,0x00000000e0000000,0x00000000e9880000)
  from space 17920K, 73% used [0x00000000eaa80000,0x00000000eb76f9a0,0x00000000ebc00000)
  to   space 18432K, 0% used [0x00000000e9880000,0x00000000e9880000,0x00000000eaa80000)
 ParOldGen       total 92672K, used 23725K [0x00000000a0000000, 0x00000000a5a80000, 0x00000000e0000000)
  object space 92672K, 25% used [0x00000000a0000000,0x00000000a172b6f0,0x00000000a5a80000)
 Metaspace       used 57410K, capacity 58928K, committed 59096K, reserved 1099776K
  class space    used 7617K, capacity 7958K, committed 8064K, reserved 1048576K
Event: 16.381 GC heap after
Heap after GC invocations=15 (full 3):
 PSYoungGen      total 174080K, used 0K [0x00000000e0000000, 0x00000000ecd00000, 0x0000000100000000)
  eden space 156160K, 0% used [0x00000000e0000000,0x00000000e0000000,0x00000000e9880000)
  from space 17920K, 0% used [0x00000000eaa80000,0x00000000eaa80000,0x00000000ebc00000)
  to   space 18432K, 0% used [0x00000000e9880000,0x00000000e9880000,0x00000000eaa80000)
 ParOldGen       total 126464K, used 28166K [0x00000000a0000000, 0x00000000a7b80000, 0x00000000e0000000)
  object space 126464K, 22% used [0x00000000a0000000,0x00000000a1b81870,0x00000000a7b80000)
 Metaspace       used 57384K, capacity 58840K, committed 59096K, reserved 1099776K
  class space    used 7610K, capacity 7950K, committed 8064K, reserved 1048576K
}
Event: 20.004 GC heap before
{Heap before GC invocations=16 (full 3):
 PSYoungGen      total 174080K, used 156160K [0x00000000e0000000, 0x00000000ecd00000, 0x0000000100000000)
  eden space 156160K, 100% used [0x00000000e0000000,0x00000000e9880000,0x00000000e9880000)
  from space 17920K, 0% used [0x00000000eaa80000,0x00000000eaa80000,0x00000000ebc00000)
  to   space 18432K, 0% used [0x00000000e9880000,0x00000000e9880000,0x00000000eaa80000)
 ParOldGen       total 126464K, used 28166K [0x00000000a0000000, 0x00000000a7b80000, 0x00000000e0000000)
  object space 126464K, 22% used [0x00000000a0000000,0x00000000a1b81870,0x00000000a7b80000)
 Metaspace       used 64553K, capacity 66510K, committed 66816K, reserved 1107968K
  class space    used 8705K, capacity 9155K, committed 9216K, reserved 1048576K
Event: 20.017 GC heap after
Heap after GC invocations=16 (full 3):
 PSYoungGen      total 174592K, used 12590K [0x00000000e0000000, 0x00000000ecd00000, 0x0000000100000000)
  eden space 156160K, 0% used [0x00000000e0000000,0x00000000e0000000,0x00000000e9880000)
  from space 18432K, 68% used [0x00000000e9880000,0x00000000ea4cbaf0,0x00000000eaa80000)
  to   space 17920K, 0% used [0x00000000eaa80000,0x00000000eaa80000,0x00000000ebc00000)
 ParOldGen       total 126464K, used 28174K [0x00000000a0000000, 0x00000000a7b80000, 0x00000000e0000000)
  object space 126464K, 22% used [0x00000000a0000000,0x00000000a1b83870,0x00000000a7b80000)
 Metaspace       used 64553K, capacity 66510K, committed 66816K, reserved 1107968K
  class space    used 8705K, capacity 9155K, committed 9216K, reserved 1048576K
}

